20180807 08:08:53| Starting Big River CDR file processing....
20180807 08:49:54| Processing c:\Call Detail Records\Big River\NEWWAVECDR20180501.CSV............
20180807 08:49:54| Inserting 30762 rows into database NewWaveCDR
Completed database insert!
20180807 08:51:18| Processing completed for c:\Call Detail Records\Big River\NEWWAVECDR20180501.CSV!
=====================================================================================================

20180807 08:51:18| Processing c:\Call Detail Records\Big River\NEWWAVECDR20180502.CSV............
20180807 08:51:19| Inserting 22876 rows into database NewWaveCDR
Completed database insert!
20180807 08:52:22| Processing completed for c:\Call Detail Records\Big River\NEWWAVECDR20180502.CSV!
=====================================================================================================

20180807 08:52:22| Processing c:\Call Detail Records\Big River\NEWWAVECDR20180503.CSV............
20180807 08:52:22| Inserting 25353 rows into database NewWaveCDR
Completed database insert!
20180807 08:53:32| Processing completed for c:\Call Detail Records\Big River\NEWWAVECDR20180503.CSV!
=====================================================================================================

20180807 08:53:32| Processing c:\Call Detail Records\Big River\NEWWAVECDR20180504.CSV............
20180807 08:53:33| Inserting 24899 rows into database NewWaveCDR
Completed database insert!
20180807 08:54:41| Processing completed for c:\Call Detail Records\Big River\NEWWAVECDR20180504.CSV!
=====================================================================================================

20180807 08:54:41| Processing c:\Call Detail Records\Big River\NEWWAVECDR20180506.CSV............
20180807 08:54:42| Inserting 34977 rows into database NewWaveCDR
Completed database insert!
20180807 08:56:24| Processing completed for c:\Call Detail Records\Big River\NEWWAVECDR20180506.CSV!
=====================================================================================================

20180807 08:56:24| Processing c:\Call Detail Records\Big River\NEWWAVECDR20180507.CSV............
20180807 08:56:25| Inserting 8656 rows into database NewWaveCDR
Completed database insert!
20180807 08:56:50| Processing completed for c:\Call Detail Records\Big River\NEWWAVECDR20180507.CSV!
=====================================================================================================

20180807 08:56:50| Processing c:\Call Detail Records\Big River\NEWWAVECDR20180508.CSV............
20180807 08:56:51| Inserting 27487 rows into database NewWaveCDR
Completed database insert!
20180807 08:58:07| Processing completed for c:\Call Detail Records\Big River\NEWWAVECDR20180508.CSV!
=====================================================================================================

20180807 08:58:07| Processing c:\Call Detail Records\Big River\NEWWAVECDR20180509.CSV............
20180807 08:58:08| Inserting 26208 rows into database NewWaveCDR
Completed database insert!
20180807 08:59:20| Processing completed for c:\Call Detail Records\Big River\NEWWAVECDR20180509.CSV!
=====================================================================================================

20180807 08:59:20| Processing c:\Call Detail Records\Big River\NEWWAVECDR20180510.CSV............
20180807 08:59:20| Inserting 25935 rows into database NewWaveCDR
Completed database insert!
20180807 09:00:36| Processing completed for c:\Call Detail Records\Big River\NEWWAVECDR20180510.CSV!
=====================================================================================================

20180807 09:00:36| Processing c:\Call Detail Records\Big River\NEWWAVECDR20180511.CSV............
20180807 09:00:36| Inserting 26117 rows into database NewWaveCDR
Completed database insert!
20180807 09:01:54| Processing completed for c:\Call Detail Records\Big River\NEWWAVECDR20180511.CSV!
=====================================================================================================

20180807 09:01:54| Processing c:\Call Detail Records\Big River\NEWWAVECDR20180513.CSV............
20180807 09:01:56| Inserting 36190 rows into database NewWaveCDR
Completed database insert!
20180807 09:03:43| Processing completed for c:\Call Detail Records\Big River\NEWWAVECDR20180513.CSV!
=====================================================================================================

20180807 09:03:43| Processing c:\Call Detail Records\Big River\NEWWAVECDR20180514.CSV............
20180807 09:03:43| Inserting 9426 rows into database NewWaveCDR
Completed database insert!
20180807 09:04:16| Processing completed for c:\Call Detail Records\Big River\NEWWAVECDR20180514.CSV!
=====================================================================================================

20180807 09:04:16| Processing c:\Call Detail Records\Big River\NEWWAVECDR20180515.CSV............
20180807 09:04:17| Inserting 27653 rows into database NewWaveCDR
Completed database insert!
20180807 09:05:33| Processing completed for c:\Call Detail Records\Big River\NEWWAVECDR20180515.CSV!
=====================================================================================================

20180807 09:05:33| Processing c:\Call Detail Records\Big River\NEWWAVECDR20180516.CSV............
20180807 09:05:34| Inserting 26508 rows into database NewWaveCDR
Completed database insert!
20180807 09:06:46| Processing completed for c:\Call Detail Records\Big River\NEWWAVECDR20180516.CSV!
=====================================================================================================

20180807 09:06:46| Processing c:\Call Detail Records\Big River\NEWWAVECDR20180517.CSV............
20180807 09:06:46| Inserting 25647 rows into database NewWaveCDR
Completed database insert!
20180807 09:07:59| Processing completed for c:\Call Detail Records\Big River\NEWWAVECDR20180517.CSV!
=====================================================================================================

20180807 09:07:59| Processing c:\Call Detail Records\Big River\NEWWAVECDR20180518.CSV............
20180807 09:07:59| Inserting 25117 rows into database NewWaveCDR
Completed database insert!
20180807 09:09:10| Processing completed for c:\Call Detail Records\Big River\NEWWAVECDR20180518.CSV!
=====================================================================================================

20180807 09:09:10| Processing c:\Call Detail Records\Big River\NEWWAVECDR20180520.CSV............
20180807 09:09:11| Inserting 34321 rows into database NewWaveCDR
Completed database insert!
20180807 09:10:53| Processing completed for c:\Call Detail Records\Big River\NEWWAVECDR20180520.CSV!
=====================================================================================================

20180807 09:10:53| Processing c:\Call Detail Records\Big River\NEWWAVECDR20180521.CSV............
20180807 09:10:53| Inserting 8227 rows into database NewWaveCDR
Completed database insert!
20180807 09:11:18| Processing completed for c:\Call Detail Records\Big River\NEWWAVECDR20180521.CSV!
=====================================================================================================

20180807 09:11:18| Processing c:\Call Detail Records\Big River\NEWWAVECDR20180522.CSV............
20180807 09:11:18| Inserting 27608 rows into database NewWaveCDR
Completed database insert!
20180807 09:12:38| Processing completed for c:\Call Detail Records\Big River\NEWWAVECDR20180522.CSV!
=====================================================================================================

20180807 09:12:38| Processing c:\Call Detail Records\Big River\NEWWAVECDR20180523.CSV............
20180807 09:12:38| Inserting 25995 rows into database NewWaveCDR
Completed database insert!
20180807 09:13:55| Processing completed for c:\Call Detail Records\Big River\NEWWAVECDR20180523.CSV!
=====================================================================================================

20180807 09:13:56| Processing c:\Call Detail Records\Big River\NEWWAVECDR20180524.CSV............
20180807 09:13:56| Inserting 25622 rows into database NewWaveCDR
Completed database insert!
20180807 09:15:09| Processing completed for c:\Call Detail Records\Big River\NEWWAVECDR20180524.CSV!
=====================================================================================================

20180807 09:15:09| Processing c:\Call Detail Records\Big River\NEWWAVECDR20180525.CSV............
20180807 09:15:10| Inserting 25544 rows into database NewWaveCDR
Completed database insert!
20180807 09:16:26| Processing completed for c:\Call Detail Records\Big River\NEWWAVECDR20180525.CSV!
=====================================================================================================

20180807 09:16:26| Processing c:\Call Detail Records\Big River\NEWWAVECDR20180527.CSV............
20180807 09:16:27| Inserting 33898 rows into database NewWaveCDR
Completed database insert!
20180807 09:18:04| Processing completed for c:\Call Detail Records\Big River\NEWWAVECDR20180527.CSV!
=====================================================================================================

20180807 09:18:04| Processing c:\Call Detail Records\Big River\NEWWAVECDR20180529.CSV............
20180807 09:18:04| Inserting 17780 rows into database NewWaveCDR
Completed database insert!
20180807 09:18:55| Processing completed for c:\Call Detail Records\Big River\NEWWAVECDR20180529.CSV!
=====================================================================================================

20180807 09:18:55| Processing c:\Call Detail Records\Big River\NEWWAVECDR20180530.CSV............
20180807 09:18:55| Inserting 28367 rows into database NewWaveCDR
Completed database insert!
20180807 09:20:21| Processing completed for c:\Call Detail Records\Big River\NEWWAVECDR20180530.CSV!
=====================================================================================================

20180807 09:20:21| Processing c:\Call Detail Records\Big River\NEWWAVECDR20180531.CSV............
20180807 09:20:21| Inserting 27245 rows into database NewWaveCDR
Completed database insert!
20180807 09:21:38| Processing completed for c:\Call Detail Records\Big River\NEWWAVECDR20180531.CSV!
=====================================================================================================

20180807 09:21:38| Processing c:\Call Detail Records\Big River\NEWWAVECDR20180601.CSV............
20180807 09:21:39| Inserting 26680 rows into database NewWaveCDR
Completed database insert!
20180807 09:22:54| Processing completed for c:\Call Detail Records\Big River\NEWWAVECDR20180601.CSV!
=====================================================================================================

20180807 09:22:54| Processing c:\Call Detail Records\Big River\NEWWAVECDR20180604.CSV............
20180807 09:22:55| Inserting 48149 rows into database NewWaveCDR
Completed database insert!
20180807 09:25:09| Processing completed for c:\Call Detail Records\Big River\NEWWAVECDR20180604.CSV!
=====================================================================================================

20180807 09:25:09| Processing c:\Call Detail Records\Big River\NEWWAVECDR20180605.CSV............
20180807 09:25:09| Inserting 24078 rows into database NewWaveCDR
Completed database insert!
20180807 09:26:14| Processing completed for c:\Call Detail Records\Big River\NEWWAVECDR20180605.CSV!
=====================================================================================================

20180807 09:26:14| Processing c:\Call Detail Records\Big River\NEWWAVECDR20180606.CSV............
20180807 09:26:14| Inserting 26915 rows into database NewWaveCDR
Completed database insert!
20180807 09:27:30| Processing completed for c:\Call Detail Records\Big River\NEWWAVECDR20180606.CSV!
=====================================================================================================

20180807 09:27:30| Processing c:\Call Detail Records\Big River\NEWWAVECDR20180607.CSV............
20180807 09:27:31| Inserting 25621 rows into database NewWaveCDR
Completed database insert!
20180807 09:28:43| Processing completed for c:\Call Detail Records\Big River\NEWWAVECDR20180607.CSV!
=====================================================================================================

20180807 09:28:44| Processing c:\Call Detail Records\Big River\NEWWAVECDR20180608.CSV............
20180807 09:28:44| Inserting 25376 rows into database NewWaveCDR
Completed database insert!
20180807 09:29:55| Processing completed for c:\Call Detail Records\Big River\NEWWAVECDR20180608.CSV!
=====================================================================================================

20180807 09:29:55| Processing c:\Call Detail Records\Big River\NEWWAVECDR20180611.CSV............
20180807 09:29:56| Inserting 41920 rows into database NewWaveCDR
Completed database insert!
20180807 09:31:54| Processing completed for c:\Call Detail Records\Big River\NEWWAVECDR20180611.CSV!
=====================================================================================================

20180807 09:31:55| Processing c:\Call Detail Records\Big River\NEWWAVECDR20180612.CSV............
20180807 09:31:55| Inserting 27559 rows into database NewWaveCDR
Completed database insert!
20180807 09:33:11| Processing completed for c:\Call Detail Records\Big River\NEWWAVECDR20180612.CSV!
=====================================================================================================

20180807 09:33:11| Processing c:\Call Detail Records\Big River\NEWWAVECDR20180613.CSV............
20180807 09:33:12| Inserting 26821 rows into database NewWaveCDR
Completed database insert!
20180807 09:34:30| Processing completed for c:\Call Detail Records\Big River\NEWWAVECDR20180613.CSV!
=====================================================================================================

20180807 09:34:30| Processing c:\Call Detail Records\Big River\NEWWAVECDR20180614.CSV............
20180807 09:34:31| Inserting 25449 rows into database NewWaveCDR
Completed database insert!
20180807 09:35:42| Processing completed for c:\Call Detail Records\Big River\NEWWAVECDR20180614.CSV!
=====================================================================================================

20180807 09:35:42| Processing c:\Call Detail Records\Big River\NEWWAVECDR20180615.CSV............
20180807 09:35:43| Inserting 24358 rows into database NewWaveCDR
Completed database insert!
20180807 09:36:47| Processing completed for c:\Call Detail Records\Big River\NEWWAVECDR20180615.CSV!
=====================================================================================================

20180807 09:36:47| Processing c:\Call Detail Records\Big River\NEWWAVECDR20180618.CSV............
20180807 09:36:48| Inserting 44314 rows into database NewWaveCDR
Completed database insert!
20180807 09:38:45| Processing completed for c:\Call Detail Records\Big River\NEWWAVECDR20180618.CSV!
=====================================================================================================

20180807 09:38:45| Processing c:\Call Detail Records\Big River\NEWWAVECDR20180619.CSV............
20180807 09:38:46| Inserting 27083 rows into database NewWaveCDR
Completed database insert!
20180807 09:39:56| Processing completed for c:\Call Detail Records\Big River\NEWWAVECDR20180619.CSV!
=====================================================================================================

20180807 09:39:56| Processing c:\Call Detail Records\Big River\NEWWAVECDR20180620.CSV............
20180807 09:39:56| Inserting 26526 rows into database NewWaveCDR
Completed database insert!
20180807 09:41:05| Processing completed for c:\Call Detail Records\Big River\NEWWAVECDR20180620.CSV!
=====================================================================================================

20180807 09:41:05| Processing c:\Call Detail Records\Big River\NEWWAVECDR20180621.CSV............
20180807 09:41:06| Inserting 25754 rows into database NewWaveCDR
Completed database insert!
20180807 09:42:13| Processing completed for c:\Call Detail Records\Big River\NEWWAVECDR20180621.CSV!
=====================================================================================================

20180807 09:42:13| Processing c:\Call Detail Records\Big River\NEWWAVECDR20180622.CSV............
20180807 09:42:13| Inserting 25132 rows into database NewWaveCDR
Completed database insert!
20180807 09:43:19| Processing completed for c:\Call Detail Records\Big River\NEWWAVECDR20180622.CSV!
=====================================================================================================

20180807 09:43:19| Processing c:\Call Detail Records\Big River\NEWWAVECDR20180624.CSV............
20180807 09:43:20| Inserting 34703 rows into database NewWaveCDR
Completed database insert!
20180807 09:44:51| Processing completed for c:\Call Detail Records\Big River\NEWWAVECDR20180624.CSV!
=====================================================================================================

20180807 09:44:51| Processing c:\Call Detail Records\Big River\NEWWAVECDR20180625.CSV............
20180807 09:44:51| Inserting 15229 rows into database NewWaveCDR
Completed database insert!
20180807 09:45:32| Processing completed for c:\Call Detail Records\Big River\NEWWAVECDR20180625.CSV!
=====================================================================================================

20180807 09:45:32| Processing c:\Call Detail Records\Big River\NEWWAVECDR20180626.CSV............
20180807 09:45:32| Inserting 19405 rows into database NewWaveCDR
Completed database insert!
20180807 09:46:24| Processing completed for c:\Call Detail Records\Big River\NEWWAVECDR20180626.CSV!
=====================================================================================================

20180807 09:46:24| Processing c:\Call Detail Records\Big River\NEWWAVECDR20180627.CSV............
20180807 09:46:25| Inserting 25690 rows into database NewWaveCDR
Completed database insert!
20180807 09:47:35| Processing completed for c:\Call Detail Records\Big River\NEWWAVECDR20180627.CSV!
=====================================================================================================

20180807 09:47:35| Processing c:\Call Detail Records\Big River\NEWWAVECDR20180628.CSV............
20180807 09:47:36| Inserting 25329 rows into database NewWaveCDR
Completed database insert!
20180807 09:48:48| Processing completed for c:\Call Detail Records\Big River\NEWWAVECDR20180628.CSV!
=====================================================================================================

20180807 09:48:48| Processing c:\Call Detail Records\Big River\NEWWAVECDR20180629.CSV............
20180807 09:48:48| Inserting 24922 rows into database NewWaveCDR
Completed database insert!
20180807 09:49:54| Processing completed for c:\Call Detail Records\Big River\NEWWAVECDR20180629.CSV!
=====================================================================================================

20180807 09:49:54| Finished processing Big River CDR files!
2018-08-07 01:21:01| 20180807 13:21:01| Finished processing Big River CDR files!
2018-08-07 01:36:26| No Big River CDR files to process!
2018-08-07 08:27:24| 20180807 20:20:24| Starting Big River CDR file processing....
2018-08-07 08:27:24| 20180807 20:27:24| Processing c:\Call Detail Records\Big River\July 2018\NEWWAVECDR20180701.CSV............
2018-08-07 08:27:25| 20180807 20:27:25| Inserting 35850 rows into database NewWaveCDR
2018-08-07 08:35:41| 20180807 20:20:41| Starting Big River CDR file processing....
2018-08-07 08:35:41| 20180807 20:35:41| Processing c:\Call Detail Records\Big River\July 2018\NEWWAVECDR20180701.CSV............
2018-08-07 08:35:42| 20180807 20:35:42| Inserting 35850 rows into database NewWaveCDR
2018-08-07 08:44:48| 20180807 20:44:48| Processing completed for c:\Call Detail Records\Big River\July 2018\NEWWAVECDR20180701.CSV!
2018-08-07 08:44:48| =====================================================================================================

2018-08-07 08:44:48| 20180807 20:44:48| Processing c:\Call Detail Records\Big River\July 2018\NEWWAVECDR20180702.CSV............
2018-08-07 08:44:49| 20180807 20:44:49| Inserting 21747 rows into database NewWaveCDR
2018-08-07 08:50:25| 20180807 20:50:25| Processing completed for c:\Call Detail Records\Big River\July 2018\NEWWAVECDR20180702.CSV!
2018-08-07 08:50:25| =====================================================================================================

2018-08-07 08:50:25| 20180807 20:50:25| Processing c:\Call Detail Records\Big River\July 2018\NEWWAVECDR20180703.CSV............
2018-08-07 08:50:26| 20180807 20:50:26| Inserting 12851 rows into database NewWaveCDR
2018-08-07 08:53:44| 20180807 20:53:44| Processing completed for c:\Call Detail Records\Big River\July 2018\NEWWAVECDR20180703.CSV!
2018-08-07 08:53:44| =====================================================================================================

2018-08-07 08:53:44| 20180807 20:53:44| Processing c:\Call Detail Records\Big River\July 2018\NEWWAVECDR20180705.CSV............
2018-08-07 08:53:45| 20180807 20:53:45| Inserting 34114 rows into database NewWaveCDR
2018-08-07 09:02:25| 20180807 21:02:25| Processing completed for c:\Call Detail Records\Big River\July 2018\NEWWAVECDR20180705.CSV!
2018-08-07 09:02:25| =====================================================================================================

2018-08-07 09:02:25| 20180807 21:02:25| Processing c:\Call Detail Records\Big River\July 2018\NEWWAVECDR20180706.CSV............
2018-08-07 09:02:25| 20180807 21:02:25| Inserting 23574 rows into database NewWaveCDR
2018-08-07 09:08:23| 20180807 21:08:23| Processing completed for c:\Call Detail Records\Big River\July 2018\NEWWAVECDR20180706.CSV!
2018-08-07 09:08:23| =====================================================================================================

2018-08-07 09:08:23| 20180807 21:08:23| Processing c:\Call Detail Records\Big River\July 2018\NEWWAVECDR20180709.CSV............
2018-08-07 09:08:24| 20180807 21:08:24| Inserting 42853 rows into database NewWaveCDR
2018-08-07 09:19:25| 20180807 21:19:25| Processing completed for c:\Call Detail Records\Big River\July 2018\NEWWAVECDR20180709.CSV!
2018-08-07 09:19:25| =====================================================================================================

2018-08-07 09:19:25| 20180807 21:19:25| Processing c:\Call Detail Records\Big River\July 2018\NEWWAVECDR20180710.CSV............
2018-08-07 09:19:26| 20180807 21:19:26| Inserting 28283 rows into database NewWaveCDR
2018-08-07 09:26:39| 20180807 21:26:39| Processing completed for c:\Call Detail Records\Big River\July 2018\NEWWAVECDR20180710.CSV!
2018-08-07 09:26:39| =====================================================================================================

2018-08-07 09:26:39| 20180807 21:26:39| Processing c:\Call Detail Records\Big River\July 2018\NEWWAVECDR20180711.CSV............
2018-08-07 09:26:40| 20180807 21:26:40| Inserting 26897 rows into database NewWaveCDR
2018-08-07 09:33:34| 20180807 21:33:34| Processing completed for c:\Call Detail Records\Big River\July 2018\NEWWAVECDR20180711.CSV!
2018-08-07 09:33:34| =====================================================================================================

2018-08-07 09:33:34| 20180807 21:33:34| Processing c:\Call Detail Records\Big River\July 2018\NEWWAVECDR20180712.CSV............
2018-08-07 09:33:35| 20180807 21:33:35| Inserting 34770 rows into database NewWaveCDR
2018-08-07 09:42:28| 20180807 21:42:28| Processing completed for c:\Call Detail Records\Big River\July 2018\NEWWAVECDR20180712.CSV!
2018-08-07 09:42:28| =====================================================================================================

2018-08-07 09:42:28| 20180807 21:42:28| Processing c:\Call Detail Records\Big River\July 2018\NEWWAVECDR20180713.CSV............
2018-08-07 09:42:28| 20180807 21:42:28| Inserting 15482 rows into database NewWaveCDR
2018-08-07 09:46:31| 20180807 21:46:31| Processing completed for c:\Call Detail Records\Big River\July 2018\NEWWAVECDR20180713.CSV!
2018-08-07 09:46:31| =====================================================================================================

2018-08-07 09:46:31| 20180807 21:46:31| Processing c:\Call Detail Records\Big River\July 2018\NEWWAVECDR20180716.CSV............
2018-08-07 09:46:32| 20180807 21:46:32| Inserting 41486 rows into database NewWaveCDR
2018-08-07 09:57:12| 20180807 21:57:12| Processing completed for c:\Call Detail Records\Big River\July 2018\NEWWAVECDR20180716.CSV!
2018-08-07 09:57:12| =====================================================================================================

2018-08-07 09:57:13| 20180807 21:57:13| Processing c:\Call Detail Records\Big River\July 2018\NEWWAVECDR20180717.CSV............
2018-08-07 09:57:13| 20180807 21:57:13| Inserting 26790 rows into database NewWaveCDR
2018-08-07 10:04:02| 20180807 22:04:02| Processing completed for c:\Call Detail Records\Big River\July 2018\NEWWAVECDR20180717.CSV!
2018-08-07 10:04:02| =====================================================================================================

2018-08-07 10:04:02| 20180807 22:04:02| Processing c:\Call Detail Records\Big River\July 2018\NEWWAVECDR20180718.CSV............
2018-08-07 10:04:02| 20180807 22:04:02| Inserting 25945 rows into database NewWaveCDR
2018-08-07 10:10:43| 20180807 22:10:43| Processing completed for c:\Call Detail Records\Big River\July 2018\NEWWAVECDR20180718.CSV!
2018-08-07 10:10:43| =====================================================================================================

2018-08-07 10:10:43| 20180807 22:10:43| Processing c:\Call Detail Records\Big River\July 2018\NEWWAVECDR20180719.CSV............
2018-08-07 10:10:44| 20180807 22:10:44| Inserting 25244 rows into database NewWaveCDR
2018-08-07 10:17:15| 20180807 22:17:15| Processing completed for c:\Call Detail Records\Big River\July 2018\NEWWAVECDR20180719.CSV!
2018-08-07 10:17:15| =====================================================================================================

2018-08-07 10:17:15| 20180807 22:17:15| Processing c:\Call Detail Records\Big River\July 2018\NEWWAVECDR20180720.CSV............
2018-08-07 10:17:16| 20180807 22:17:16| Inserting 24326 rows into database NewWaveCDR
2018-08-07 10:23:31| 20180807 22:23:31| Processing completed for c:\Call Detail Records\Big River\July 2018\NEWWAVECDR20180720.CSV!
2018-08-07 10:23:31| =====================================================================================================

2018-08-07 10:23:31| 20180807 22:23:31| Processing c:\Call Detail Records\Big River\July 2018\NEWWAVECDR20180723.CSV............
2018-08-07 10:23:32| 20180807 22:23:32| Inserting 41743 rows into database NewWaveCDR
2018-08-07 10:34:03| 20180807 22:34:03| Processing completed for c:\Call Detail Records\Big River\July 2018\NEWWAVECDR20180723.CSV!
2018-08-07 10:34:03| =====================================================================================================

2018-08-07 10:34:03| 20180807 22:34:03| Processing c:\Call Detail Records\Big River\July 2018\NEWWAVECDR20180724.CSV............
2018-08-07 10:34:04| 20180807 22:34:04| Inserting 26281 rows into database NewWaveCDR
2018-08-07 10:40:35| 20180807 22:40:35| Processing completed for c:\Call Detail Records\Big River\July 2018\NEWWAVECDR20180724.CSV!
2018-08-07 10:40:35| =====================================================================================================

2018-08-07 10:40:35| 20180807 22:40:35| Processing c:\Call Detail Records\Big River\July 2018\NEWWAVECDR20180725.CSV............
2018-08-07 10:40:35| 20180807 22:40:35| Inserting 25616 rows into database NewWaveCDR
2018-08-07 10:46:58| 20180807 22:46:58| Processing completed for c:\Call Detail Records\Big River\July 2018\NEWWAVECDR20180725.CSV!
2018-08-07 10:46:58| =====================================================================================================

2018-08-07 10:46:58| 20180807 22:46:58| Processing c:\Call Detail Records\Big River\July 2018\NEWWAVECDR20180726.CSV............
2018-08-07 10:46:58| 20180807 22:46:58| Inserting 21347 rows into database NewWaveCDR
2018-08-07 10:52:22| 20180807 22:52:22| Processing completed for c:\Call Detail Records\Big River\July 2018\NEWWAVECDR20180726.CSV!
2018-08-07 10:52:22| =====================================================================================================

2018-08-07 10:52:23| 20180807 22:52:23| Processing c:\Call Detail Records\Big River\July 2018\NEWWAVECDR20180727.CSV............
2018-08-07 10:52:23| 20180807 22:52:23| Inserting 23651 rows into database NewWaveCDR
2018-08-07 10:58:20| 20180807 22:58:20| Processing completed for c:\Call Detail Records\Big River\July 2018\NEWWAVECDR20180727.CSV!
2018-08-07 10:58:20| =====================================================================================================

2018-08-07 10:58:20| 20180807 22:58:20| Processing c:\Call Detail Records\Big River\July 2018\NEWWAVECDR20180730.CSV............
2018-08-07 10:58:21| 20180807 22:58:21| Inserting 43555 rows into database NewWaveCDR
2018-08-07 11:10:01| 20180807 23:10:01| Processing completed for c:\Call Detail Records\Big River\July 2018\NEWWAVECDR20180730.CSV!
2018-08-07 11:10:01| =====================================================================================================

2018-08-07 11:10:01| 20180807 23:10:01| Processing c:\Call Detail Records\Big River\July 2018\NEWWAVECDR20180731.CSV............
2018-08-07 11:10:01| 20180807 23:10:01| Inserting 26316 rows into database NewWaveCDR
2018-08-07 11:16:59| 20180807 23:16:59| Processing completed for c:\Call Detail Records\Big River\July 2018\NEWWAVECDR20180731.CSV!
2018-08-07 11:16:59| =====================================================================================================

2018-08-07 11:16:59| Finished processing Big River CDR files!
2018-09-05 03:24:01| 20180905 15:15:01| Starting Big River CDR file processing....
2018-09-05 03:24:01| 20180905 15:24:01| Processing c:\Call Detail Records\Big River\July 2018\NEWWAVECDR20180701.CSV............
2018-09-05 03:24:01| 20180905 15:24:01| Inserting 35850 rows into database NewWaveCDR
2018-09-05 03:24:23| 20180905 15:24:23| Processing completed for c:\Call Detail Records\Big River\July 2018\NEWWAVECDR20180701.CSV!
2018-09-05 03:24:23| =====================================================================================================

2018-09-05 03:24:23| Finished processing Big River CDR files!
2018-09-05 03:24:23| =====================================================================================================

2018-09-05 03:31:22| 20180905 15:15:22| Starting Big River CDR file processing....
2018-09-05 03:31:23| 20180905 15:31:23| Processing c:\Call Detail Records\Big River\July 2018\NEWWAVECDR20180702.CSV............
2018-09-05 03:31:23| 20180905 15:31:23| Inserting 21747 rows into database NewWaveCDR
2018-09-05 03:31:39| 20180905 15:31:39| Processing completed for c:\Call Detail Records\Big River\July 2018\NEWWAVECDR20180702.CSV!
2018-09-05 03:31:39| =====================================================================================================
2018-09-05 03:31:39| 20180905 15:31:39| Processing c:\Call Detail Records\Big River\July 2018\NEWWAVECDR20180703.CSV............
2018-09-05 03:31:39| 20180905 15:31:39| Inserting 12851 rows into database NewWaveCDR
2018-09-05 03:31:47| 20180905 15:31:47| Processing completed for c:\Call Detail Records\Big River\July 2018\NEWWAVECDR20180703.CSV!
2018-09-05 03:31:47| =====================================================================================================
2018-09-05 03:31:47| 20180905 15:31:47| Processing c:\Call Detail Records\Big River\July 2018\NEWWAVECDR20180705.CSV............
2018-09-05 03:31:48| 20180905 15:31:48| Inserting 34114 rows into database NewWaveCDR
2018-09-05 03:32:11| 20180905 15:32:11| Processing completed for c:\Call Detail Records\Big River\July 2018\NEWWAVECDR20180705.CSV!
2018-09-05 03:32:11| =====================================================================================================
2018-09-05 03:32:11| 20180905 15:32:11| Processing c:\Call Detail Records\Big River\July 2018\NEWWAVECDR20180706.CSV............
2018-09-05 03:32:12| 20180905 15:32:12| Inserting 23574 rows into database NewWaveCDR
2018-09-05 03:32:28| 20180905 15:32:28| Processing completed for c:\Call Detail Records\Big River\July 2018\NEWWAVECDR20180706.CSV!
2018-09-05 03:32:28| =====================================================================================================
2018-09-05 03:32:28| 20180905 15:32:28| Processing c:\Call Detail Records\Big River\July 2018\NEWWAVECDR20180709.CSV............
2018-09-05 03:32:29| 20180905 15:32:29| Inserting 42853 rows into database NewWaveCDR
2018-09-05 03:33:00| 20180905 15:33:00| Processing completed for c:\Call Detail Records\Big River\July 2018\NEWWAVECDR20180709.CSV!
2018-09-05 03:33:00| =====================================================================================================
2018-09-05 03:33:01| 20180905 15:33:01| Processing c:\Call Detail Records\Big River\July 2018\NEWWAVECDR20180710.CSV............
2018-09-05 03:33:01| 20180905 15:33:01| Inserting 28283 rows into database NewWaveCDR
2018-09-05 03:33:21| 20180905 15:33:21| Processing completed for c:\Call Detail Records\Big River\July 2018\NEWWAVECDR20180710.CSV!
2018-09-05 03:33:21| =====================================================================================================
2018-09-05 03:33:21| 20180905 15:33:21| Processing c:\Call Detail Records\Big River\July 2018\NEWWAVECDR20180711.CSV............
2018-09-05 03:33:21| 20180905 15:33:21| Inserting 26897 rows into database NewWaveCDR
2018-09-05 03:33:40| 20180905 15:33:40| Processing completed for c:\Call Detail Records\Big River\July 2018\NEWWAVECDR20180711.CSV!
2018-09-05 03:33:40| =====================================================================================================
2018-09-05 03:33:40| 20180905 15:33:40| Processing c:\Call Detail Records\Big River\July 2018\NEWWAVECDR20180712.CSV............
2018-09-05 03:33:40| 20180905 15:33:40| Inserting 34770 rows into database NewWaveCDR
2018-09-05 03:34:04| 20180905 15:34:04| Processing completed for c:\Call Detail Records\Big River\July 2018\NEWWAVECDR20180712.CSV!
2018-09-05 03:34:04| =====================================================================================================
2018-09-05 03:34:04| 20180905 15:34:04| Processing c:\Call Detail Records\Big River\July 2018\NEWWAVECDR20180713.CSV............
2018-09-05 03:34:04| 20180905 15:34:04| Inserting 15482 rows into database NewWaveCDR
2018-09-05 03:34:14| 20180905 15:34:14| Processing completed for c:\Call Detail Records\Big River\July 2018\NEWWAVECDR20180713.CSV!
2018-09-05 03:34:14| =====================================================================================================
2018-09-05 03:34:14| 20180905 15:34:14| Processing c:\Call Detail Records\Big River\July 2018\NEWWAVECDR20180716.CSV............
2018-09-05 03:34:15| 20180905 15:34:15| Inserting 41486 rows into database NewWaveCDR
2018-09-05 03:34:44| 20180905 15:34:44| Processing completed for c:\Call Detail Records\Big River\July 2018\NEWWAVECDR20180716.CSV!
2018-09-05 03:34:44| =====================================================================================================
2018-09-05 03:34:44| 20180905 15:34:44| Processing c:\Call Detail Records\Big River\July 2018\NEWWAVECDR20180717.CSV............
2018-09-05 03:34:45| 20180905 15:34:45| Inserting 26790 rows into database NewWaveCDR
2018-09-05 03:35:02| 20180905 15:35:02| Processing completed for c:\Call Detail Records\Big River\July 2018\NEWWAVECDR20180717.CSV!
2018-09-05 03:35:02| =====================================================================================================
2018-09-05 03:35:02| 20180905 15:35:02| Processing c:\Call Detail Records\Big River\July 2018\NEWWAVECDR20180718.CSV............
2018-09-05 03:35:03| 20180905 15:35:03| Inserting 25945 rows into database NewWaveCDR
2018-09-05 03:35:20| 20180905 15:35:20| Processing completed for c:\Call Detail Records\Big River\July 2018\NEWWAVECDR20180718.CSV!
2018-09-05 03:35:20| =====================================================================================================
2018-09-05 03:35:20| 20180905 15:35:20| Processing c:\Call Detail Records\Big River\July 2018\NEWWAVECDR20180719.CSV............
2018-09-05 03:35:21| 20180905 15:35:21| Inserting 25244 rows into database NewWaveCDR
2018-09-05 03:35:38| 20180905 15:35:38| Processing completed for c:\Call Detail Records\Big River\July 2018\NEWWAVECDR20180719.CSV!
2018-09-05 03:35:38| =====================================================================================================
2018-09-05 03:35:38| 20180905 15:35:38| Processing c:\Call Detail Records\Big River\July 2018\NEWWAVECDR20180720.CSV............
2018-09-05 03:35:39| 20180905 15:35:39| Inserting 24326 rows into database NewWaveCDR
2018-09-05 03:35:56| 20180905 15:35:56| Processing completed for c:\Call Detail Records\Big River\July 2018\NEWWAVECDR20180720.CSV!
2018-09-05 03:35:56| =====================================================================================================
2018-09-05 03:35:56| 20180905 15:35:56| Processing c:\Call Detail Records\Big River\July 2018\NEWWAVECDR20180723.CSV............
2018-09-05 03:35:57| 20180905 15:35:57| Inserting 41743 rows into database NewWaveCDR
2018-09-05 03:36:25| 20180905 15:36:25| Processing completed for c:\Call Detail Records\Big River\July 2018\NEWWAVECDR20180723.CSV!
2018-09-05 03:36:25| =====================================================================================================
2018-09-05 03:36:25| 20180905 15:36:25| Processing c:\Call Detail Records\Big River\July 2018\NEWWAVECDR20180724.CSV............
2018-09-05 03:36:26| 20180905 15:36:26| Inserting 26281 rows into database NewWaveCDR
2018-09-05 03:36:44| 20180905 15:36:44| Processing completed for c:\Call Detail Records\Big River\July 2018\NEWWAVECDR20180724.CSV!
2018-09-05 03:36:44| =====================================================================================================
2018-09-05 03:36:44| 20180905 15:36:44| Processing c:\Call Detail Records\Big River\July 2018\NEWWAVECDR20180725.CSV............
2018-09-05 03:36:45| 20180905 15:36:45| Inserting 25616 rows into database NewWaveCDR
2018-09-05 03:37:03| 20180905 15:37:03| Processing completed for c:\Call Detail Records\Big River\July 2018\NEWWAVECDR20180725.CSV!
2018-09-05 03:37:03| =====================================================================================================
2018-09-05 03:37:03| 20180905 15:37:03| Processing c:\Call Detail Records\Big River\July 2018\NEWWAVECDR20180726.CSV............
2018-09-05 03:37:03| 20180905 15:37:03| Inserting 21347 rows into database NewWaveCDR
2018-09-05 03:37:18| 20180905 15:37:18| Processing completed for c:\Call Detail Records\Big River\July 2018\NEWWAVECDR20180726.CSV!
2018-09-05 03:37:18| =====================================================================================================
2018-09-05 03:37:18| 20180905 15:37:18| Processing c:\Call Detail Records\Big River\July 2018\NEWWAVECDR20180727.CSV............
2018-09-05 03:37:18| 20180905 15:37:18| Inserting 23651 rows into database NewWaveCDR
2018-09-05 03:37:34| 20180905 15:37:34| Processing completed for c:\Call Detail Records\Big River\July 2018\NEWWAVECDR20180727.CSV!
2018-09-05 03:37:34| =====================================================================================================
2018-09-05 03:37:34| 20180905 15:37:34| Processing c:\Call Detail Records\Big River\July 2018\NEWWAVECDR20180730.CSV............
2018-09-05 03:37:35| 20180905 15:37:35| Inserting 43555 rows into database NewWaveCDR
2018-09-05 03:38:06| 20180905 15:38:06| Processing completed for c:\Call Detail Records\Big River\July 2018\NEWWAVECDR20180730.CSV!
2018-09-05 03:38:06| =====================================================================================================
2018-09-05 03:38:06| 20180905 15:38:06| Processing c:\Call Detail Records\Big River\July 2018\NEWWAVECDR20180731.CSV............
2018-09-05 03:38:07| 20180905 15:38:07| Inserting 26316 rows into database NewWaveCDR
2018-09-05 03:38:25| 20180905 15:38:25| Processing completed for c:\Call Detail Records\Big River\July 2018\NEWWAVECDR20180731.CSV!
2018-09-05 03:38:25| =====================================================================================================
2018-09-05 03:38:25| Finished processing Big River CDR files!
2018-09-05 03:38:25| =====================================================================================================


2018-09-05 05:01:55| 20180905 17:17:55| Starting Big River CDR file processing....
2018-09-05 05:01:55| 20180905 17:01:55| Processing c:\Call Detail Records\Big River\August 2018\NEWWAVECDR20180801.CSV............
2018-09-05 05:01:56| 20180905 17:01:56| Inserting 24951 rows into database NewWaveCDR
2018-09-05 05:02:15| 20180905 17:02:15| Processing completed for c:\Call Detail Records\Big River\August 2018\NEWWAVECDR20180801.CSV!
2018-09-05 05:02:15| =====================================================================================================
2018-09-05 05:02:15| 20180905 17:02:15| Processing c:\Call Detail Records\Big River\August 2018\NEWWAVECDR20180802.CSV............
2018-09-05 05:02:16| 20180905 17:02:16| Inserting 35676 rows into database NewWaveCDR
2018-09-05 05:02:43| 20180905 17:02:43| Processing completed for c:\Call Detail Records\Big River\August 2018\NEWWAVECDR20180802.CSV!
2018-09-05 05:02:43| =====================================================================================================
2018-09-05 05:02:43| 20180905 17:02:43| Processing c:\Call Detail Records\Big River\August 2018\NEWWAVECDR20180803.CSV............
2018-09-05 05:02:43| 20180905 17:02:43| Inserting 15655 rows into database NewWaveCDR
2018-09-05 05:02:54| 20180905 17:02:54| Processing completed for c:\Call Detail Records\Big River\August 2018\NEWWAVECDR20180803.CSV!
2018-09-05 05:02:54| =====================================================================================================
2018-09-05 05:02:54| 20180905 17:02:54| Processing c:\Call Detail Records\Big River\August 2018\NEWWAVECDR20180806.CSV............
2018-09-05 05:02:55| 20180905 17:02:55| Inserting 41488 rows into database NewWaveCDR
2018-09-05 05:03:24| 20180905 17:03:24| Processing completed for c:\Call Detail Records\Big River\August 2018\NEWWAVECDR20180806.CSV!
2018-09-05 05:03:24| =====================================================================================================
2018-09-05 05:03:24| 20180905 17:03:24| Processing c:\Call Detail Records\Big River\August 2018\NEWWAVECDR20180807.CSV............
2018-09-05 05:03:24| 20180905 17:03:24| Inserting 25717 rows into database NewWaveCDR
2018-09-05 05:03:42| 20180905 17:03:42| Processing completed for c:\Call Detail Records\Big River\August 2018\NEWWAVECDR20180807.CSV!
2018-09-05 05:03:42| =====================================================================================================
2018-09-05 05:03:42| 20180905 17:03:42| Processing c:\Call Detail Records\Big River\August 2018\NEWWAVECDR20180808.CSV............
2018-09-05 05:03:42| 20180905 17:03:42| Inserting 26729 rows into database NewWaveCDR
2018-09-05 05:04:02| 20180905 17:04:02| Processing completed for c:\Call Detail Records\Big River\August 2018\NEWWAVECDR20180808.CSV!
2018-09-05 05:04:02| =====================================================================================================
2018-09-05 05:04:02| 20180905 17:04:02| Processing c:\Call Detail Records\Big River\August 2018\NEWWAVECDR20180809.CSV............
2018-09-05 05:04:02| 20180905 17:04:02| Inserting 24938 rows into database NewWaveCDR
2018-09-05 05:04:20| 20180905 17:04:20| Processing completed for c:\Call Detail Records\Big River\August 2018\NEWWAVECDR20180809.CSV!
2018-09-05 05:04:20| =====================================================================================================
2018-09-05 05:04:20| 20180905 17:04:20| Processing c:\Call Detail Records\Big River\August 2018\NEWWAVECDR20180810.CSV............
2018-09-05 05:04:21| 20180905 17:04:21| Inserting 24127 rows into database NewWaveCDR
2018-09-05 05:04:38| 20180905 17:04:38| Processing completed for c:\Call Detail Records\Big River\August 2018\NEWWAVECDR20180810.CSV!
2018-09-05 05:04:38| =====================================================================================================
2018-09-05 05:04:38| 20180905 17:04:38| Processing c:\Call Detail Records\Big River\August 2018\NEWWAVECDR20180813.CSV............
2018-09-05 05:04:39| 20180905 17:04:39| Inserting 41268 rows into database NewWaveCDR
2018-09-05 05:05:07| 20180905 17:05:07| Processing completed for c:\Call Detail Records\Big River\August 2018\NEWWAVECDR20180813.CSV!
2018-09-05 05:05:07| =====================================================================================================
2018-09-05 05:05:07| 20180905 17:05:07| Processing c:\Call Detail Records\Big River\August 2018\NEWWAVECDR20180814.CSV............
2018-09-05 05:05:08| 20180905 17:05:08| Inserting 26860 rows into database NewWaveCDR
2018-09-05 05:05:26| 20180905 17:05:26| Processing completed for c:\Call Detail Records\Big River\August 2018\NEWWAVECDR20180814.CSV!
2018-09-05 05:05:26| =====================================================================================================
2018-09-05 05:05:26| 20180905 17:05:26| Processing c:\Call Detail Records\Big River\August 2018\NEWWAVECDR20180815.CSV............
2018-09-05 05:05:27| 20180905 17:05:27| Inserting 25699 rows into database NewWaveCDR
2018-09-05 05:05:44| 20180905 17:05:44| Processing completed for c:\Call Detail Records\Big River\August 2018\NEWWAVECDR20180815.CSV!
2018-09-05 05:05:44| =====================================================================================================
2018-09-05 05:05:44| 20180905 17:05:44| Processing c:\Call Detail Records\Big River\August 2018\NEWWAVECDR20180816.CSV............
2018-09-05 05:05:45| 20180905 17:05:45| Inserting 27656 rows into database NewWaveCDR
2018-09-05 05:06:04| 20180905 17:06:04| Processing completed for c:\Call Detail Records\Big River\August 2018\NEWWAVECDR20180816.CSV!
2018-09-05 05:06:04| =====================================================================================================
2018-09-05 05:06:04| 20180905 17:06:04| Processing c:\Call Detail Records\Big River\August 2018\NEWWAVECDR20180817.CSV............
2018-09-05 05:06:04| 20180905 17:06:04| Inserting 21192 rows into database NewWaveCDR
2018-09-05 05:06:19| 20180905 17:06:19| Processing completed for c:\Call Detail Records\Big River\August 2018\NEWWAVECDR20180817.CSV!
2018-09-05 05:06:19| =====================================================================================================
2018-09-05 05:06:19| 20180905 17:06:19| Processing c:\Call Detail Records\Big River\August 2018\NEWWAVECDR20180820.CSV............
2018-09-05 05:06:20| 20180905 17:06:20| Inserting 41222 rows into database NewWaveCDR
2018-09-05 05:06:48| 20180905 17:06:48| Processing completed for c:\Call Detail Records\Big River\August 2018\NEWWAVECDR20180820.CSV!
2018-09-05 05:06:48| =====================================================================================================
2018-09-05 05:06:48| 20180905 17:06:48| Processing c:\Call Detail Records\Big River\August 2018\NEWWAVECDR20180821.CSV............
2018-09-05 05:06:49| 20180905 17:06:49| Inserting 26848 rows into database NewWaveCDR
2018-09-05 05:07:08| 20180905 17:07:08| Processing completed for c:\Call Detail Records\Big River\August 2018\NEWWAVECDR20180821.CSV!
2018-09-05 05:07:08| =====================================================================================================
2018-09-05 05:07:08| 20180905 17:07:08| Processing c:\Call Detail Records\Big River\August 2018\NEWWAVECDR20180822.CSV............
2018-09-05 05:07:09| 20180905 17:07:09| Inserting 25504 rows into database NewWaveCDR
2018-09-05 05:07:26| 20180905 17:07:26| Processing completed for c:\Call Detail Records\Big River\August 2018\NEWWAVECDR20180822.CSV!
2018-09-05 05:07:26| =====================================================================================================
2018-09-05 05:07:26| 20180905 17:07:26| Processing c:\Call Detail Records\Big River\August 2018\NEWWAVECDR20180823.CSV............
2018-09-05 05:07:27| 20180905 17:07:27| Inserting 25091 rows into database NewWaveCDR
2018-09-05 05:07:44| 20180905 17:07:44| Processing completed for c:\Call Detail Records\Big River\August 2018\NEWWAVECDR20180823.CSV!
2018-09-05 05:07:44| =====================================================================================================
2018-09-05 05:07:44| 20180905 17:07:44| Processing c:\Call Detail Records\Big River\August 2018\NEWWAVECDR20180824.CSV............
2018-09-05 05:07:44| 20180905 17:07:44| Inserting 23982 rows into database NewWaveCDR
2018-09-05 05:08:01| 20180905 17:08:01| Processing completed for c:\Call Detail Records\Big River\August 2018\NEWWAVECDR20180824.CSV!
2018-09-05 05:08:01| =====================================================================================================
2018-09-05 05:08:02| 20180905 17:08:02| Processing c:\Call Detail Records\Big River\August 2018\NEWWAVECDR20180827.CSV............
2018-09-05 05:08:02| 20180905 17:08:02| Inserting 41841 rows into database NewWaveCDR
2018-09-05 05:08:31| 20180905 17:08:31| Processing completed for c:\Call Detail Records\Big River\August 2018\NEWWAVECDR20180827.CSV!
2018-09-05 05:08:31| =====================================================================================================
2018-09-05 05:08:31| 20180905 17:08:31| Processing c:\Call Detail Records\Big River\August 2018\NEWWAVECDR20180828.CSV............
2018-09-05 05:08:31| 20180905 17:08:31| Inserting 26701 rows into database NewWaveCDR
2018-09-05 05:08:51| 20180905 17:08:51| Processing completed for c:\Call Detail Records\Big River\August 2018\NEWWAVECDR20180828.CSV!
2018-09-05 05:08:51| =====================================================================================================
2018-09-05 05:08:51| 20180905 17:08:51| Processing c:\Call Detail Records\Big River\August 2018\NEWWAVECDR20180829.CSV............
2018-09-05 05:08:52| 20180905 17:08:52| Inserting 26326 rows into database NewWaveCDR
2018-09-05 05:09:10| 20180905 17:09:10| Processing completed for c:\Call Detail Records\Big River\August 2018\NEWWAVECDR20180829.CSV!
2018-09-05 05:09:10| =====================================================================================================
2018-09-05 05:09:10| 20180905 17:09:10| Processing c:\Call Detail Records\Big River\August 2018\NEWWAVECDR20180830.CSV............
2018-09-05 05:09:11| 20180905 17:09:11| Inserting 24581 rows into database NewWaveCDR
2018-09-05 05:09:27| 20180905 17:09:27| Processing completed for c:\Call Detail Records\Big River\August 2018\NEWWAVECDR20180830.CSV!
2018-09-05 05:09:27| =====================================================================================================
2018-09-05 05:09:27| 20180905 17:09:27| Processing c:\Call Detail Records\Big River\August 2018\NEWWAVECDR20180831.CSV............
2018-09-05 05:09:28| 20180905 17:09:28| Inserting 24749 rows into database NewWaveCDR
2018-09-05 05:09:45| 20180905 17:09:45| Processing completed for c:\Call Detail Records\Big River\August 2018\NEWWAVECDR20180831.CSV!
2018-09-05 05:09:45| =====================================================================================================
2018-09-05 05:09:45| Finished processing Big River CDR files!
2018-09-05 05:09:45| =====================================================================================================


2018-09-05 05:16:29| No Big River CDR files to process!
2018-09-05 05:16:29| =====================================================================================================

2018-09-08 02:35:14| 20180908 14:14:14| Starting Big River CDR file processing....
2018-09-08 02:35:14| 20180908 14:35:14| Processing c:\Call Detail Records\Big River\August 2018\NEWWAVECDR20180801.CSV............
2018-09-08 02:35:15| 20180908 14:35:15| Inserting 24951 rows into database NewWaveCDR
2018-09-08 02:35:18| 20180908 14:35:18| Processing completed for c:\Call Detail Records\Big River\August 2018\NEWWAVECDR20180801.CSV!
2018-09-08 02:35:18| =====================================================================================================
2018-09-08 02:35:18| 20180908 14:35:18| Processing c:\Call Detail Records\Big River\August 2018\NEWWAVECDR20180802.CSV............
2018-09-08 02:35:18| 20180908 14:35:18| Inserting 35676 rows into database NewWaveCDR
2018-09-08 02:35:23| 20180908 14:35:23| Processing completed for c:\Call Detail Records\Big River\August 2018\NEWWAVECDR20180802.CSV!
2018-09-08 02:35:23| =====================================================================================================
2018-09-08 02:35:23| 20180908 14:35:23| Processing c:\Call Detail Records\Big River\August 2018\NEWWAVECDR20180803.CSV............
2018-09-08 02:35:23| 20180908 14:35:23| Inserting 15655 rows into database NewWaveCDR
2018-09-08 02:35:25| 20180908 14:35:25| Processing completed for c:\Call Detail Records\Big River\August 2018\NEWWAVECDR20180803.CSV!
2018-09-08 02:35:25| =====================================================================================================
2018-09-08 02:35:25| 20180908 14:35:25| Processing c:\Call Detail Records\Big River\August 2018\NEWWAVECDR20180806.CSV............
2018-09-08 02:35:26| 20180908 14:35:26| Inserting 41488 rows into database NewWaveCDR
2018-09-08 02:35:30| 20180908 14:35:30| Processing completed for c:\Call Detail Records\Big River\August 2018\NEWWAVECDR20180806.CSV!
2018-09-08 02:35:30| =====================================================================================================
2018-09-08 02:35:30| 20180908 14:35:30| Processing c:\Call Detail Records\Big River\August 2018\NEWWAVECDR20180807.CSV............
2018-09-08 02:35:31| 20180908 14:35:31| Inserting 25717 rows into database NewWaveCDR
2018-09-08 02:35:34| 20180908 14:35:34| Processing completed for c:\Call Detail Records\Big River\August 2018\NEWWAVECDR20180807.CSV!
2018-09-08 02:35:34| =====================================================================================================
2018-09-08 02:35:34| 20180908 14:35:34| Processing c:\Call Detail Records\Big River\August 2018\NEWWAVECDR20180808.CSV............
2018-09-08 02:35:35| 20180908 14:35:35| Inserting 26729 rows into database NewWaveCDR
2018-09-08 02:35:38| 20180908 14:35:38| Processing completed for c:\Call Detail Records\Big River\August 2018\NEWWAVECDR20180808.CSV!
2018-09-08 02:35:38| =====================================================================================================
2018-09-08 02:35:38| 20180908 14:35:38| Processing c:\Call Detail Records\Big River\August 2018\NEWWAVECDR20180809.CSV............
2018-09-08 02:35:38| 20180908 14:35:38| Inserting 24938 rows into database NewWaveCDR
2018-09-08 02:35:41| 20180908 14:35:41| Processing completed for c:\Call Detail Records\Big River\August 2018\NEWWAVECDR20180809.CSV!
2018-09-08 02:35:41| =====================================================================================================
2018-09-08 02:35:41| 20180908 14:35:41| Processing c:\Call Detail Records\Big River\August 2018\NEWWAVECDR20180810.CSV............
2018-09-08 02:35:42| 20180908 14:35:42| Inserting 24127 rows into database NewWaveCDR
2018-09-08 02:35:44| 20180908 14:35:44| Processing completed for c:\Call Detail Records\Big River\August 2018\NEWWAVECDR20180810.CSV!
2018-09-08 02:35:44| =====================================================================================================
2018-09-08 02:35:45| 20180908 14:35:45| Processing c:\Call Detail Records\Big River\August 2018\NEWWAVECDR20180813.CSV............
2018-09-08 02:35:45| 20180908 14:35:45| Inserting 41268 rows into database NewWaveCDR
2018-09-08 02:35:50| 20180908 14:35:50| Processing completed for c:\Call Detail Records\Big River\August 2018\NEWWAVECDR20180813.CSV!
2018-09-08 02:35:50| =====================================================================================================
2018-09-08 02:35:50| 20180908 14:35:50| Processing c:\Call Detail Records\Big River\August 2018\NEWWAVECDR20180814.CSV............
2018-09-08 02:35:51| 20180908 14:35:51| Inserting 26860 rows into database NewWaveCDR
2018-09-08 02:35:54| 20180908 14:35:54| Processing completed for c:\Call Detail Records\Big River\August 2018\NEWWAVECDR20180814.CSV!
2018-09-08 02:35:54| =====================================================================================================
2018-09-08 02:35:54| 20180908 14:35:54| Processing c:\Call Detail Records\Big River\August 2018\NEWWAVECDR20180815.CSV............
2018-09-08 02:35:54| 20180908 14:35:54| Inserting 25699 rows into database NewWaveCDR
2018-09-08 02:35:57| 20180908 14:35:57| Processing completed for c:\Call Detail Records\Big River\August 2018\NEWWAVECDR20180815.CSV!
2018-09-08 02:35:57| =====================================================================================================
2018-09-08 02:35:57| 20180908 14:35:57| Processing c:\Call Detail Records\Big River\August 2018\NEWWAVECDR20180816.CSV............
2018-09-08 02:35:58| 20180908 14:35:58| Inserting 27656 rows into database NewWaveCDR
2018-09-08 02:36:01| 20180908 14:36:01| Processing completed for c:\Call Detail Records\Big River\August 2018\NEWWAVECDR20180816.CSV!
2018-09-08 02:36:01| =====================================================================================================
2018-09-08 02:36:01| 20180908 14:36:01| Processing c:\Call Detail Records\Big River\August 2018\NEWWAVECDR20180817.CSV............
2018-09-08 02:36:02| 20180908 14:36:02| Inserting 21192 rows into database NewWaveCDR
2018-09-08 02:36:04| 20180908 14:36:04| Processing completed for c:\Call Detail Records\Big River\August 2018\NEWWAVECDR20180817.CSV!
2018-09-08 02:36:04| =====================================================================================================
2018-09-08 02:36:04| 20180908 14:36:04| Processing c:\Call Detail Records\Big River\August 2018\NEWWAVECDR20180820.CSV............
2018-09-08 02:36:05| 20180908 14:36:05| Inserting 41222 rows into database NewWaveCDR
2018-09-08 02:36:14| 20180908 14:36:14| Processing completed for c:\Call Detail Records\Big River\August 2018\NEWWAVECDR20180820.CSV!
2018-09-08 02:36:14| =====================================================================================================
2018-09-08 02:36:14| 20180908 14:36:14| Processing c:\Call Detail Records\Big River\August 2018\NEWWAVECDR20180821.CSV............
2018-09-08 02:36:14| 20180908 14:36:14| Inserting 26848 rows into database NewWaveCDR
2018-09-08 02:36:17| 20180908 14:36:17| Processing completed for c:\Call Detail Records\Big River\August 2018\NEWWAVECDR20180821.CSV!
2018-09-08 02:36:17| =====================================================================================================
2018-09-08 02:36:17| 20180908 14:36:17| Processing c:\Call Detail Records\Big River\August 2018\NEWWAVECDR20180822.CSV............
2018-09-08 02:36:18| 20180908 14:36:18| Inserting 25504 rows into database NewWaveCDR
2018-09-08 02:36:21| 20180908 14:36:21| Processing completed for c:\Call Detail Records\Big River\August 2018\NEWWAVECDR20180822.CSV!
2018-09-08 02:36:21| =====================================================================================================
2018-09-08 02:36:21| 20180908 14:36:21| Processing c:\Call Detail Records\Big River\August 2018\NEWWAVECDR20180823.CSV............
2018-09-08 02:36:21| 20180908 14:36:21| Inserting 25091 rows into database NewWaveCDR
2018-09-08 02:36:24| 20180908 14:36:24| Processing completed for c:\Call Detail Records\Big River\August 2018\NEWWAVECDR20180823.CSV!
2018-09-08 02:36:24| =====================================================================================================
2018-09-08 02:36:24| 20180908 14:36:24| Processing c:\Call Detail Records\Big River\August 2018\NEWWAVECDR20180824.CSV............
2018-09-08 02:36:25| 20180908 14:36:25| Inserting 23982 rows into database NewWaveCDR
2018-09-08 02:36:28| 20180908 14:36:28| Processing completed for c:\Call Detail Records\Big River\August 2018\NEWWAVECDR20180824.CSV!
2018-09-08 02:36:28| =====================================================================================================
2018-09-08 02:36:28| 20180908 14:36:28| Processing c:\Call Detail Records\Big River\August 2018\NEWWAVECDR20180827.CSV............
2018-09-08 02:36:29| 20180908 14:36:29| Inserting 41841 rows into database NewWaveCDR
2018-09-08 02:36:33| 20180908 14:36:33| Processing completed for c:\Call Detail Records\Big River\August 2018\NEWWAVECDR20180827.CSV!
2018-09-08 02:36:33| =====================================================================================================
2018-09-08 02:36:34| 20180908 14:36:34| Processing c:\Call Detail Records\Big River\August 2018\NEWWAVECDR20180828.CSV............
2018-09-08 02:36:34| 20180908 14:36:34| Inserting 26701 rows into database NewWaveCDR
2018-09-08 02:36:37| 20180908 14:36:37| Processing completed for c:\Call Detail Records\Big River\August 2018\NEWWAVECDR20180828.CSV!
2018-09-08 02:36:37| =====================================================================================================
2018-09-08 02:36:37| 20180908 14:36:37| Processing c:\Call Detail Records\Big River\August 2018\NEWWAVECDR20180829.CSV............
2018-09-08 02:36:38| 20180908 14:36:38| Inserting 26326 rows into database NewWaveCDR
2018-09-08 02:36:41| 20180908 14:36:41| Processing completed for c:\Call Detail Records\Big River\August 2018\NEWWAVECDR20180829.CSV!
2018-09-08 02:36:41| =====================================================================================================
2018-09-08 02:36:41| 20180908 14:36:41| Processing c:\Call Detail Records\Big River\August 2018\NEWWAVECDR20180830.CSV............
2018-09-08 02:36:41| 20180908 14:36:41| Inserting 24581 rows into database NewWaveCDR
2018-09-08 02:36:44| 20180908 14:36:44| Processing completed for c:\Call Detail Records\Big River\August 2018\NEWWAVECDR20180830.CSV!
2018-09-08 02:36:44| =====================================================================================================
2018-09-08 02:36:44| 20180908 14:36:44| Processing c:\Call Detail Records\Big River\August 2018\NEWWAVECDR20180831.CSV............
2018-09-08 02:36:45| 20180908 14:36:45| Inserting 24749 rows into database NewWaveCDR
2018-09-08 02:36:48| 20180908 14:36:48| Processing completed for c:\Call Detail Records\Big River\August 2018\NEWWAVECDR20180831.CSV!
2018-09-08 02:36:48| =====================================================================================================
2018-09-08 02:36:48| Finished processing Big River CDR files!
2018-09-08 02:36:48| =====================================================================================================


2018-10-04 01:33:55| Starting Big River CDR file processing....
2018-10-04 01:39:48| Starting Big River CDR file processing....
2018-10-04 01:40:26| Starting Big River CDR file processing....
2018-10-04 01:45:26| Starting Big River CDR file processing....
2018-10-04 01:47:18| Starting Big River CDR file processing....
2018-10-04 01:47:19| Processing c:\Call Detail Records\Big River\September 2018\NEWWAVECDR20180901.CSV............
2018-10-04 01:47:19| Inserting 23194 rows into database NewWaveCDR
2018-10-04 01:47:34| Processing completed for c:\Call Detail Records\Big River\September 2018\NEWWAVECDR20180901.CSV!
2018-10-04 01:47:34| =====================================================================================================
2018-10-04 01:47:34| Processing c:\Call Detail Records\Big River\September 2018\NEWWAVECDR20180904.CSV............
2018-10-04 01:47:35| Inserting 27734 rows into database NewWaveCDR
2018-10-04 01:47:52| Processing completed for c:\Call Detail Records\Big River\September 2018\NEWWAVECDR20180904.CSV!
2018-10-04 01:47:52| =====================================================================================================
2018-10-04 01:47:52| Processing c:\Call Detail Records\Big River\September 2018\NEWWAVECDR20180905.CSV............
2018-10-04 01:47:52| Inserting 28295 rows into database NewWaveCDR
2018-10-04 01:48:10| Processing completed for c:\Call Detail Records\Big River\September 2018\NEWWAVECDR20180905.CSV!
2018-10-04 01:48:10| =====================================================================================================
2018-10-04 01:48:10| Processing c:\Call Detail Records\Big River\September 2018\NEWWAVECDR20180906.CSV............
2018-10-04 01:48:10| Inserting 26201 rows into database NewWaveCDR
2018-10-04 01:48:26| Processing completed for c:\Call Detail Records\Big River\September 2018\NEWWAVECDR20180906.CSV!
2018-10-04 01:48:26| =====================================================================================================
2018-10-04 01:48:26| Processing c:\Call Detail Records\Big River\September 2018\NEWWAVECDR20180907.CSV............
2018-10-04 01:48:27| Inserting 25693 rows into database NewWaveCDR
2018-10-04 01:48:42| Processing completed for c:\Call Detail Records\Big River\September 2018\NEWWAVECDR20180907.CSV!
2018-10-04 01:48:42| =====================================================================================================
2018-10-04 01:48:42| Processing c:\Call Detail Records\Big River\September 2018\NEWWAVECDR20180910.CSV............
2018-10-04 01:48:43| Inserting 42742 rows into database NewWaveCDR
2018-10-04 01:49:08| Processing completed for c:\Call Detail Records\Big River\September 2018\NEWWAVECDR20180910.CSV!
2018-10-04 01:49:08| =====================================================================================================
2018-10-04 01:49:08| Processing c:\Call Detail Records\Big River\September 2018\NEWWAVECDR20180911.CSV............
2018-10-04 01:49:09| Inserting 27508 rows into database NewWaveCDR
2018-10-04 01:49:25| Processing completed for c:\Call Detail Records\Big River\September 2018\NEWWAVECDR20180911.CSV!
2018-10-04 01:49:25| =====================================================================================================
2018-10-04 01:49:25| Processing c:\Call Detail Records\Big River\September 2018\NEWWAVECDR20180912.CSV............
2018-10-04 01:49:26| Inserting 25721 rows into database NewWaveCDR
2018-10-04 01:49:42| Processing completed for c:\Call Detail Records\Big River\September 2018\NEWWAVECDR20180912.CSV!
2018-10-04 01:49:42| =====================================================================================================
2018-10-04 01:49:43| Processing c:\Call Detail Records\Big River\September 2018\NEWWAVECDR20180913.CSV............
2018-10-04 01:49:43| Inserting 25207 rows into database NewWaveCDR
2018-10-04 01:49:59| Processing completed for c:\Call Detail Records\Big River\September 2018\NEWWAVECDR20180913.CSV!
2018-10-04 01:49:59| =====================================================================================================
2018-10-04 01:49:59| Processing c:\Call Detail Records\Big River\September 2018\NEWWAVECDR20180914.CSV............
2018-10-04 01:49:59| Inserting 24132 rows into database NewWaveCDR
2018-10-04 01:50:15| Processing completed for c:\Call Detail Records\Big River\September 2018\NEWWAVECDR20180914.CSV!
2018-10-04 01:50:15| =====================================================================================================
2018-10-04 01:50:15| Processing c:\Call Detail Records\Big River\September 2018\NEWWAVECDR20180917.CSV............
2018-10-04 01:50:16| Inserting 41488 rows into database NewWaveCDR
2018-10-04 01:50:43| Processing completed for c:\Call Detail Records\Big River\September 2018\NEWWAVECDR20180917.CSV!
2018-10-04 01:50:43| =====================================================================================================
2018-10-04 01:50:43| Processing c:\Call Detail Records\Big River\September 2018\NEWWAVECDR20180918.CSV............
2018-10-04 01:50:44| Inserting 27120 rows into database NewWaveCDR
2018-10-04 01:51:00| Processing completed for c:\Call Detail Records\Big River\September 2018\NEWWAVECDR20180918.CSV!
2018-10-04 01:51:00| =====================================================================================================
2018-10-04 01:51:00| Processing c:\Call Detail Records\Big River\September 2018\NEWWAVECDR20180919.CSV............
2018-10-04 01:51:01| Inserting 25695 rows into database NewWaveCDR
2018-10-04 01:51:16| Processing completed for c:\Call Detail Records\Big River\September 2018\NEWWAVECDR20180919.CSV!
2018-10-04 01:51:16| =====================================================================================================
2018-10-04 01:51:16| Processing c:\Call Detail Records\Big River\September 2018\NEWWAVECDR20180920.CSV............
2018-10-04 01:51:17| Inserting 24910 rows into database NewWaveCDR
2018-10-04 01:51:32| Processing completed for c:\Call Detail Records\Big River\September 2018\NEWWAVECDR20180920.CSV!
2018-10-04 01:51:32| =====================================================================================================
2018-10-04 01:51:32| Processing c:\Call Detail Records\Big River\September 2018\NEWWAVECDR20180921.CSV............
2018-10-04 01:51:33| Inserting 19491 rows into database NewWaveCDR
2018-10-04 01:51:44| Processing completed for c:\Call Detail Records\Big River\September 2018\NEWWAVECDR20180921.CSV!
2018-10-04 01:51:44| =====================================================================================================
2018-10-04 01:51:45| Processing c:\Call Detail Records\Big River\September 2018\NEWWAVECDR20180924.CSV............
2018-10-04 01:51:46| Inserting 45780 rows into database NewWaveCDR
2018-10-04 01:52:13| Processing completed for c:\Call Detail Records\Big River\September 2018\NEWWAVECDR20180924.CSV!
2018-10-04 01:52:13| =====================================================================================================
2018-10-04 01:52:13| Processing c:\Call Detail Records\Big River\September 2018\NEWWAVECDR20180925.CSV............
2018-10-04 01:52:14| Inserting 25726 rows into database NewWaveCDR
2018-10-04 01:52:29| Processing completed for c:\Call Detail Records\Big River\September 2018\NEWWAVECDR20180925.CSV!
2018-10-04 01:52:29| =====================================================================================================
2018-10-04 01:52:29| Processing c:\Call Detail Records\Big River\September 2018\NEWWAVECDR20180926.CSV............
2018-10-04 01:52:30| Inserting 25467 rows into database NewWaveCDR
2018-10-04 01:52:45| Processing completed for c:\Call Detail Records\Big River\September 2018\NEWWAVECDR20180926.CSV!
2018-10-04 01:52:45| =====================================================================================================
2018-10-04 01:52:45| Processing c:\Call Detail Records\Big River\September 2018\NEWWAVECDR20180927.CSV............
2018-10-04 01:52:46| Inserting 23885 rows into database NewWaveCDR
2018-10-04 01:53:01| Processing completed for c:\Call Detail Records\Big River\September 2018\NEWWAVECDR20180927.CSV!
2018-10-04 01:53:01| =====================================================================================================
2018-10-04 01:53:01| Processing c:\Call Detail Records\Big River\September 2018\NEWWAVECDR20180928.CSV............
2018-10-04 01:53:01| Inserting 22655 rows into database NewWaveCDR
2018-10-04 01:53:15| Processing completed for c:\Call Detail Records\Big River\September 2018\NEWWAVECDR20180928.CSV!
2018-10-04 01:53:15| =====================================================================================================
2018-10-04 01:53:15| Finished processing Big River CDR files!
2018-10-04 01:53:15| =====================================================================================================


